
  .   ____          _            __ _ _
 /\\ / ___'_ __ _ _(_)_ __  __ _ \ \ \ \
( ( )\___ | '_ | '_| | '_ \/ _` | \ \ \ \
 \\/  ___)| |_)| | | | | || (_| |  ) ) ) )
  '  |____| .__|_| |_|_| |_\__, | / / / /
 =========|_|==============|___/=/_/_/_/
 :: Spring Boot ::                (v3.2.0)

2025-11-26T23:39:24.473+08:00  INFO 13864 --- [oidc-client-backend] [           main] com.oidc.client.OidcClientApplication    : Starting OidcClientApplication v1.0.0 using Java 17.0.15 with PID 13864 (D:\software\develop_tools\git\github\workspace\oidc-security\oidc-client-backend\target\oidc-client-backend-1.0.0.jar started by yuequanhuabai in D:\software\develop_tools\git\github\workspace\oidc-security)
2025-11-26T23:39:24.477+08:00 DEBUG 13864 --- [oidc-client-backend] [           main] com.oidc.client.OidcClientApplication    : Running with Spring Boot v3.2.0, Spring v6.1.1
2025-11-26T23:39:24.478+08:00  INFO 13864 --- [oidc-client-backend] [           main] com.oidc.client.OidcClientApplication    : No active profile set, falling back to 1 default profile: "default"
2025-11-26T23:39:25.795+08:00  INFO 13864 --- [oidc-client-backend] [           main] o.s.b.w.embedded.tomcat.TomcatWebServer  : Tomcat initialized with port 8081 (http)
2025-11-26T23:39:25.803+08:00  INFO 13864 --- [oidc-client-backend] [           main] o.apache.catalina.core.StandardService   : Starting service [Tomcat]
2025-11-26T23:39:25.803+08:00  INFO 13864 --- [oidc-client-backend] [           main] o.apache.catalina.core.StandardEngine    : Starting Servlet engine: [Apache Tomcat/10.1.16]
2025-11-26T23:39:25.860+08:00  INFO 13864 --- [oidc-client-backend] [           main] o.a.c.c.C.[Tomcat].[localhost].[/]       : Initializing Spring embedded WebApplicationContext
2025-11-26T23:39:25.862+08:00  INFO 13864 --- [oidc-client-backend] [           main] w.s.c.ServletWebServerApplicationContext : Root WebApplicationContext: initialization completed in 1270 ms
2025-11-26T23:39:25.917+08:00 DEBUG 13864 --- [oidc-client-backend] [           main] com.oidc.client.filter.JwtTokenFilter    : Filter 'jwtTokenFilter' configured for use
2025-11-26T23:39:26.037+08:00  WARN 13864 --- [oidc-client-backend] [           main] .s.s.UserDetailsServiceAutoConfiguration : 

Using generated security password: a69f0820-50e1-40c7-a20b-cf61d6b09287

This generated password is for development use only. Your security configuration must be updated before running your application in production.

2025-11-26T23:39:26.297+08:00  INFO 13864 --- [oidc-client-backend] [           main] o.s.s.web.DefaultSecurityFilterChain     : Will secure any request with [org.springframework.security.web.session.DisableEncodeUrlFilter@47c7a9e5, org.springframework.security.web.context.request.async.WebAsyncManagerIntegrationFilter@7951c3a2, org.springframework.security.web.context.SecurityContextHolderFilter@568750b7, org.springframework.security.web.header.HeaderWriterFilter@a9c5b75, org.springframework.web.filter.CorsFilter@4ed9f7b1, org.springframework.security.web.authentication.logout.LogoutFilter@32118208, com.oidc.client.filter.JwtTokenFilter@3a082ff4, org.springframework.security.web.savedrequest.RequestCacheAwareFilter@16a2ed51, org.springframework.security.web.servletapi.SecurityContextHolderAwareRequestFilter@3b332962, org.springframework.security.web.authentication.AnonymousAuthenticationFilter@2d119405, org.springframework.security.web.access.ExceptionTranslationFilter@78d71df1, org.springframework.security.web.access.intercept.AuthorizationFilter@65bb6275]
2025-11-26T23:39:26.535+08:00  WARN 13864 --- [oidc-client-backend] [           main] ConfigServletWebServerApplicationContext : Exception encountered during context initialization - cancelling refresh attempt: org.springframework.context.ApplicationContextException: Failed to start bean 'webServerStartStop'
2025-11-26T23:39:26.549+08:00  INFO 13864 --- [oidc-client-backend] [           main] .s.b.a.l.ConditionEvaluationReportLogger : 

Error starting ApplicationContext. To display the condition evaluation report re-run your application with 'debug' enabled.
2025-11-26T23:39:26.563+08:00 ERROR 13864 --- [oidc-client-backend] [           main] o.s.b.d.LoggingFailureAnalysisReporter   : 

***************************
APPLICATION FAILED TO START
***************************

Description:

Web server failed to start. Port 8081 was already in use.

Action:

Identify and stop the process that's listening on port 8081 or configure this application to listen on another port.

