
  .   ____          _            __ _ _
 /\\ / ___'_ __ _ _(_)_ __  __ _ \ \ \ \
( ( )\___ | '_ | '_| | '_ \/ _` | \ \ \ \
 \\/  ___)| |_)| | | | | || (_| |  ) ) ) )
  '  |____| .__|_| |_|_| |_\__, | / / / /
 =========|_|==============|___/=/_/_/_/
 :: Spring Boot ::                (v3.2.0)

2025-11-26T23:40:20.593+08:00  INFO 19936 --- [oidc-client-backend] [           main] com.oidc.client.OidcClientApplication    : Starting OidcClientApplication v1.0.0 using Java 17.0.15 with PID 19936 (D:\software\develop_tools\git\github\workspace\oidc-security\oidc-client-backend\target\oidc-client-backend-1.0.0.jar started by yuequanhuabai in D:\software\develop_tools\git\github\workspace\oidc-security)
2025-11-26T23:40:20.599+08:00 DEBUG 19936 --- [oidc-client-backend] [           main] com.oidc.client.OidcClientApplication    : Running with Spring Boot v3.2.0, Spring v6.1.1
2025-11-26T23:40:20.600+08:00  INFO 19936 --- [oidc-client-backend] [           main] com.oidc.client.OidcClientApplication    : No active profile set, falling back to 1 default profile: "default"
2025-11-26T23:40:21.829+08:00  INFO 19936 --- [oidc-client-backend] [           main] o.s.b.w.embedded.tomcat.TomcatWebServer  : Tomcat initialized with port 8082 (http)
2025-11-26T23:40:21.837+08:00  INFO 19936 --- [oidc-client-backend] [           main] o.apache.catalina.core.StandardService   : Starting service [Tomcat]
2025-11-26T23:40:21.837+08:00  INFO 19936 --- [oidc-client-backend] [           main] o.apache.catalina.core.StandardEngine    : Starting Servlet engine: [Apache Tomcat/10.1.16]
2025-11-26T23:40:21.875+08:00  INFO 19936 --- [oidc-client-backend] [           main] o.a.c.c.C.[Tomcat].[localhost].[/]       : Initializing Spring embedded WebApplicationContext
2025-11-26T23:40:21.877+08:00  INFO 19936 --- [oidc-client-backend] [           main] w.s.c.ServletWebServerApplicationContext : Root WebApplicationContext: initialization completed in 1166 ms
2025-11-26T23:40:21.919+08:00 DEBUG 19936 --- [oidc-client-backend] [           main] com.oidc.client.filter.JwtTokenFilter    : Filter 'jwtTokenFilter' configured for use
2025-11-26T23:40:22.020+08:00  WARN 19936 --- [oidc-client-backend] [           main] .s.s.UserDetailsServiceAutoConfiguration : 

Using generated security password: 5246e00d-ea61-46f4-8599-02ef9c9273c9

This generated password is for development use only. Your security configuration must be updated before running your application in production.

2025-11-26T23:40:22.288+08:00  INFO 19936 --- [oidc-client-backend] [           main] o.s.s.web.DefaultSecurityFilterChain     : Will secure any request with [org.springframework.security.web.session.DisableEncodeUrlFilter@64da6cbd, org.springframework.security.web.context.request.async.WebAsyncManagerIntegrationFilter@72a2312e, org.springframework.security.web.context.SecurityContextHolderFilter@dd4aec3, org.springframework.security.web.header.HeaderWriterFilter@78d71df1, org.springframework.web.filter.CorsFilter@47c7a9e5, org.springframework.security.web.authentication.logout.LogoutFilter@46e3559f, com.oidc.client.filter.JwtTokenFilter@5d2828c9, org.springframework.security.web.savedrequest.RequestCacheAwareFilter@568750b7, org.springframework.security.web.servletapi.SecurityContextHolderAwareRequestFilter@3e28fee1, org.springframework.security.web.authentication.AnonymousAuthenticationFilter@7951c3a2, org.springframework.security.web.access.ExceptionTranslationFilter@2dbc408c, org.springframework.security.web.access.intercept.AuthorizationFilter@2ed71727]
2025-11-26T23:40:22.553+08:00  INFO 19936 --- [oidc-client-backend] [           main] o.s.b.w.embedded.tomcat.TomcatWebServer  : Tomcat started on port 8082 (http) with context path ''
2025-11-26T23:40:22.569+08:00  INFO 19936 --- [oidc-client-backend] [           main] com.oidc.client.OidcClientApplication    : Started OidcClientApplication in 2.561 seconds (process running for 3.112)
2025-11-26T23:40:43.999+08:00  INFO 19936 --- [oidc-client-backend] [nio-8082-exec-1] o.a.c.c.C.[Tomcat].[localhost].[/]       : Initializing Spring DispatcherServlet 'dispatcherServlet'
2025-11-26T23:40:43.999+08:00  INFO 19936 --- [oidc-client-backend] [nio-8082-exec-1] o.s.web.servlet.DispatcherServlet        : Initializing Servlet 'dispatcherServlet'
2025-11-26T23:40:44.000+08:00  INFO 19936 --- [oidc-client-backend] [nio-8082-exec-1] o.s.web.servlet.DispatcherServlet        : Completed initialization in 1 ms
2025-11-26T23:40:44.013+08:00  WARN 19936 --- [oidc-client-backend] [nio-8082-exec-1] o.s.w.s.h.HandlerMappingIntrospector     : Cache miss for REQUEST dispatch to '/api/auth/health' (previous null). Performing MatchableHandlerMapping lookup. This is logged once only at WARN level, and every time at TRACE.
